# JRE version: OpenJDK Runtime Environment (21.0.5) (build 21.0.5+-12932927-b750.29)
# Java VM: OpenJDK 64-Bit Server VM (21.0.5+-12932927-b750.29, mixed mode, tiered, compressed oops, compressed class ptrs, g1 gc, windows-amd64)
GC Precious Log:
 CardTable entry size: 512
 Card Set container configuration: InlinePtr #cards 5 size 8 Array Of Cards #cards 12 size 40 Howl #buckets 4 coarsen threshold 1843 Howl Bitmap #cards 512 size 80 coarsen threshold 460 Card regions per heap region 1 cards per card region 2048
 CPUs: 8 total, 8 available
 Memory: 7991M
 Large Page Support: Disabled
 NUMA Support: Disabled
 Compressed Oops: Enabled (32-bit)
 Heap Region Size: 1M
 Heap Min Capacity: 8M
 Heap Initial Capacity: 126M
 Heap Max Capacity: 2G
 Pre-touch: Disabled
 Parallel Workers: 8
 Concurrent Workers: 2
 Concurrent Refinement Workers: 8
 Periodic GC: Disabled
Heap:
 garbage-first heap   total 447488K, used 361577K [0x0000000080000000, 0x0000000100000000)
  region size 1024K, 86 young (88064K), 4 survivors (4096K)
 Metaspace       used 152983K, committed 155392K, reserved 1245184K
  class space    used 20055K, committed 21248K, reserved 1048576K
GC Heap History (20 events):
Event: 61.911 GC heap before
{Heap before GC invocations=59 (full 0):
 garbage-first heap   total 247808K, used 233417K [0x0000000080000000, 0x0000000100000000)
  region size 1024K, 91 young (93184K), 14 survivors (14336K)
 Metaspace       used 131208K, committed 133440K, reserved 1179648K
  class space    used 17219K, committed 18304K, reserved 1048576K
}
Event: 61.940 GC heap after
{Heap after GC invocations=60 (full 0):
 garbage-first heap   total 274432K, used 166188K [0x0000000080000000, 0x0000000100000000)
  region size 1024K, 12 young (12288K), 12 survivors (12288K)
 Metaspace       used 131208K, committed 133440K, reserved 1179648K
  class space    used 17219K, committed 18304K, reserved 1048576K
}
Event: 62.493 GC heap before
{Heap before GC invocations=60 (full 0):
 garbage-first heap   total 274432K, used 252204K [0x0000000080000000, 0x0000000100000000)
  region size 1024K, 82 young (83968K), 12 survivors (12288K)
 Metaspace       used 134568K, committed 136832K, reserved 1179648K
  class space    used 17531K, committed 18688K, reserved 1048576K
}
Event: 62.510 GC heap after
{Heap after GC invocations=61 (full 0):
 garbage-first heap   total 281600K, used 177246K [0x0000000080000000, 0x0000000100000000)
  region size 1024K, 11 young (11264K), 11 survivors (11264K)
 Metaspace       used 134568K, committed 136832K, reserved 1179648K
  class space    used 17531K, committed 18688K, reserved 1048576K
}
Event: 62.862 GC heap before
{Heap before GC invocations=61 (full 0):
 garbage-first heap   total 281600K, used 246878K [0x0000000080000000, 0x0000000100000000)
  region size 1024K, 80 young (81920K), 11 survivors (11264K)
 Metaspace       used 135205K, committed 137536K, reserved 1179648K
  class space    used 17573K, committed 18752K, reserved 1048576K
}
Event: 62.871 GC heap after
{Heap after GC invocations=62 (full 0):
 garbage-first heap   total 281600K, used 181368K [0x0000000080000000, 0x0000000100000000)
  region size 1024K, 4 young (4096K), 4 survivors (4096K)
 Metaspace       used 135205K, committed 137536K, reserved 1179648K
  class space    used 17573K, committed 18752K, reserved 1048576K
}
Event: 63.505 GC heap before
{Heap before GC invocations=63 (full 0):
 garbage-first heap   total 304128K, used 258168K [0x0000000080000000, 0x0000000100000000)
  region size 1024K, 73 young (74752K), 4 survivors (4096K)
 Metaspace       used 136752K, committed 139008K, reserved 1179648K
  class space    used 17728K, committed 18880K, reserved 1048576K
}
Event: 63.510 GC heap after
{Heap after GC invocations=64 (full 0):
 garbage-first heap   total 304128K, used 186552K [0x0000000080000000, 0x0000000100000000)
  region size 1024K, 6 young (6144K), 6 survivors (6144K)
 Metaspace       used 136752K, committed 139008K, reserved 1179648K
  class space    used 17728K, committed 18880K, reserved 1048576K
}
Event: 64.296 GC heap before
{Heap before GC invocations=64 (full 0):
 garbage-first heap   total 304128K, used 302264K [0x0000000080000000, 0x0000000100000000)
  region size 1024K, 74 young (75776K), 6 survivors (6144K)
 Metaspace       used 140669K, committed 142976K, reserved 1179648K
  class space    used 18262K, committed 19392K, reserved 1048576K
}
Event: 64.318 GC heap after
{Heap after GC invocations=65 (full 0):
 garbage-first heap   total 332800K, used 203974K [0x0000000080000000, 0x0000000100000000)
  region size 1024K, 11 young (11264K), 11 survivors (11264K)
 Metaspace       used 140669K, committed 142976K, reserved 1179648K
  class space    used 18262K, committed 19392K, reserved 1048576K
}
Event: 65.416 GC heap before
{Heap before GC invocations=65 (full 0):
 garbage-first heap   total 332800K, used 293062K [0x0000000080000000, 0x0000000100000000)
  region size 1024K, 97 young (99328K), 11 survivors (11264K)
 Metaspace       used 143405K, committed 145728K, reserved 1179648K
  class space    used 18815K, committed 19968K, reserved 1048576K
}
Event: 65.457 GC heap after
{Heap after GC invocations=66 (full 0):
 garbage-first heap   total 407552K, used 237568K [0x0000000080000000, 0x0000000100000000)
  region size 1024K, 13 young (13312K), 13 survivors (13312K)
 Metaspace       used 143405K, committed 145728K, reserved 1179648K
  class space    used 18815K, committed 19968K, reserved 1048576K
}
Event: 66.240 GC heap before
{Heap before GC invocations=66 (full 0):
 garbage-first heap   total 407552K, used 338944K [0x0000000080000000, 0x0000000100000000)
  region size 1024K, 113 young (115712K), 13 survivors (13312K)
 Metaspace       used 144402K, committed 146688K, reserved 1179648K
  class space    used 18953K, committed 20096K, reserved 1048576K
}
Event: 66.298 GC heap after
{Heap after GC invocations=67 (full 0):
 garbage-first heap   total 407552K, used 280118K [0x0000000080000000, 0x0000000100000000)
  region size 1024K, 15 young (15360K), 15 survivors (15360K)
 Metaspace       used 144402K, committed 146688K, reserved 1179648K
  class space    used 18953K, committed 20096K, reserved 1048576K
}
Event: 66.912 GC heap before
{Heap before GC invocations=68 (full 0):
 garbage-first heap   total 447488K, used 337462K [0x0000000080000000, 0x0000000100000000)
  region size 1024K, 84 young (86016K), 15 survivors (15360K)
 Metaspace       used 148855K, committed 151168K, reserved 1245184K
  class space    used 19533K, committed 20672K, reserved 1048576K
}
Event: 66.930 GC heap after
{Heap after GC invocations=69 (full 0):
 garbage-first heap   total 447488K, used 274126K [0x0000000080000000, 0x0000000100000000)
  region size 1024K, 5 young (5120K), 5 survivors (5120K)
 Metaspace       used 148855K, committed 151168K, reserved 1245184K
  class space    used 19533K, committed 20672K, reserved 1048576K
}
Event: 67.761 GC heap before
{Heap before GC invocations=69 (full 0):
 garbage-first heap   total 447488K, used 374478K [0x0000000080000000, 0x0000000100000000)
  region size 1024K, 102 young (104448K), 5 survivors (5120K)
 Metaspace       used 152497K, committed 154944K, reserved 1245184K
  class space    used 20011K, committed 21248K, reserved 1048576K
}
Event: 67.780 GC heap after
{Heap after GC invocations=70 (full 0):
 garbage-first heap   total 447488K, used 258016K [0x0000000080000000, 0x0000000100000000)
  region size 1024K, 13 young (13312K), 13 survivors (13312K)
 Metaspace       used 152497K, committed 154944K, reserved 1245184K
  class space    used 20011K, committed 21248K, reserved 1048576K
}
Event: 67.981 GC heap before
{Heap before GC invocations=70 (full 0):
 garbage-first heap   total 447488K, used 274400K [0x0000000080000000, 0x0000000100000000)
  region size 1024K, 30 young (30720K), 13 survivors (13312K)
 Metaspace       used 152500K, committed 154944K, reserved 1245184K
  class space    used 20011K, committed 21248K, reserved 1048576K
}
Event: 68.000 GC heap after
{Heap after GC invocations=71 (full 0):
 garbage-first heap   total 447488K, used 261225K [0x0000000080000000, 0x0000000100000000)
  region size 1024K, 4 young (4096K), 4 survivors (4096K)
 Metaspace       used 152500K, committed 154944K, reserved 1245184K
  class space    used 20011K, committed 21248K, reserved 1048576K
}

