# JRE version: OpenJDK Runtime Environment (21.0.5) (build 21.0.5+-12932927-b750.29)
# Java VM: OpenJDK 64-Bit Server VM (21.0.5+-12932927-b750.29, mixed mode, tiered, compressed oops, compressed class ptrs, g1 gc, windows-amd64)
GC Precious Log:
 CardTable entry size: 512
 Card Set container configuration: InlinePtr #cards 5 size 8 Array Of Cards #cards 12 size 40 Howl #buckets 4 coarsen threshold 1843 Howl Bitmap #cards 512 size 80 coarsen threshold 460 Card regions per heap region 1 cards per card region 2048
 CPUs: 8 total, 8 available
 Memory: 7991M
 Large Page Support: Disabled
 NUMA Support: Disabled
 Compressed Oops: Enabled (32-bit)
 Heap Region Size: 1M
 Heap Min Capacity: 8M
 Heap Initial Capacity: 126M
 Heap Max Capacity: 2G
 Pre-touch: Disabled
 Parallel Workers: 8
 Concurrent Workers: 2
 Concurrent Refinement Workers: 8
 Periodic GC: Disabled
Heap:
 garbage-first heap   total 281600K, used 237184K [0x0000000080000000, 0x0000000100000000)
  region size 1024K, 5 young (5120K), 5 survivors (5120K)
 Metaspace       used 126482K, committed 128768K, reserved 1179648K
  class space    used 17271K, committed 18432K, reserved 1048576K
GC Heap History (20 events):
Event: 22.597 GC heap after
{Heap after GC invocations=47 (full 0):
 garbage-first heap   total 186368K, used 112958K [0x0000000080000000, 0x0000000100000000)
  region size 1024K, 8 young (8192K), 8 survivors (8192K)
 Metaspace       used 115422K, committed 117696K, reserved 1179648K
  class space    used 15574K, committed 16704K, reserved 1048576K
}
Event: 23.188 GC heap before
{Heap before GC invocations=47 (full 0):
 garbage-first heap   total 186368K, used 166206K [0x0000000080000000, 0x0000000100000000)
  region size 1024K, 61 young (62464K), 8 survivors (8192K)
 Metaspace       used 117276K, committed 119488K, reserved 1179648K
  class space    used 15848K, committed 16960K, reserved 1048576K
}
Event: 23.197 GC heap after
{Heap after GC invocations=48 (full 0):
 garbage-first heap   total 186368K, used 114197K [0x0000000080000000, 0x0000000100000000)
  region size 1024K, 6 young (6144K), 6 survivors (6144K)
 Metaspace       used 117276K, committed 119488K, reserved 1179648K
  class space    used 15848K, committed 16960K, reserved 1048576K
}
Event: 23.628 GC heap before
{Heap before GC invocations=48 (full 0):
 garbage-first heap   total 186368K, used 168469K [0x0000000080000000, 0x0000000100000000)
  region size 1024K, 59 young (60416K), 6 survivors (6144K)
 Metaspace       used 118543K, committed 120832K, reserved 1179648K
  class space    used 16022K, committed 17152K, reserved 1048576K
}
Event: 23.637 GC heap after
{Heap after GC invocations=49 (full 0):
 garbage-first heap   total 186368K, used 118789K [0x0000000080000000, 0x0000000100000000)
  region size 1024K, 7 young (7168K), 7 survivors (7168K)
 Metaspace       used 118543K, committed 120832K, reserved 1179648K
  class space    used 16022K, committed 17152K, reserved 1048576K
}
Event: 24.027 GC heap before
{Heap before GC invocations=50 (full 0):
 garbage-first heap   total 199680K, used 180229K [0x0000000080000000, 0x0000000100000000)
  region size 1024K, 54 young (55296K), 7 survivors (7168K)
 Metaspace       used 119607K, committed 121856K, reserved 1179648K
  class space    used 16170K, committed 17280K, reserved 1048576K
}
Event: 24.034 GC heap after
{Heap after GC invocations=51 (full 0):
 garbage-first heap   total 199680K, used 137990K [0x0000000080000000, 0x0000000100000000)
  region size 1024K, 7 young (7168K), 7 survivors (7168K)
 Metaspace       used 119607K, committed 121856K, reserved 1179648K
  class space    used 16170K, committed 17280K, reserved 1048576K
}
Event: 24.448 GC heap before
{Heap before GC invocations=51 (full 0):
 garbage-first heap   total 199680K, used 189190K [0x0000000080000000, 0x0000000100000000)
  region size 1024K, 49 young (50176K), 7 survivors (7168K)
 Metaspace       used 123101K, committed 125376K, reserved 1179648K
  class space    used 16647K, committed 17792K, reserved 1048576K
}
Event: 24.455 GC heap after
{Heap after GC invocations=52 (full 0):
 garbage-first heap   total 203776K, used 143501K [0x0000000080000000, 0x0000000100000000)
  region size 1024K, 5 young (5120K), 5 survivors (5120K)
 Metaspace       used 123101K, committed 125376K, reserved 1179648K
  class space    used 16647K, committed 17792K, reserved 1048576K
}
Event: 24.455 GC heap before
{Heap before GC invocations=52 (full 0):
 garbage-first heap   total 203776K, used 143501K [0x0000000080000000, 0x0000000100000000)
  region size 1024K, 6 young (6144K), 5 survivors (5120K)
 Metaspace       used 123101K, committed 125376K, reserved 1179648K
  class space    used 16647K, committed 17792K, reserved 1048576K
}
Event: 24.458 GC heap after
{Heap after GC invocations=53 (full 0):
 garbage-first heap   total 244736K, used 143634K [0x0000000080000000, 0x0000000100000000)
  region size 1024K, 1 young (1024K), 1 survivors (1024K)
 Metaspace       used 123101K, committed 125376K, reserved 1179648K
  class space    used 16647K, committed 17792K, reserved 1048576K
}
Event: 24.461 GC heap before
{Heap before GC invocations=53 (full 0):
 garbage-first heap   total 244736K, used 148754K [0x0000000080000000, 0x0000000100000000)
  region size 1024K, 3 young (3072K), 1 survivors (1024K)
 Metaspace       used 123107K, committed 125376K, reserved 1179648K
  class space    used 16647K, committed 17792K, reserved 1048576K
}
Event: 24.463 GC heap after
{Heap after GC invocations=54 (full 0):
 garbage-first heap   total 244736K, used 146380K [0x0000000080000000, 0x0000000100000000)
  region size 1024K, 2 young (2048K), 2 survivors (2048K)
 Metaspace       used 123107K, committed 125376K, reserved 1179648K
  class space    used 16647K, committed 17792K, reserved 1048576K
}
Event: 24.940 GC heap before
{Heap before GC invocations=55 (full 0):
 garbage-first heap   total 281600K, used 226252K [0x0000000080000000, 0x0000000100000000)
  region size 1024K, 58 young (59392K), 2 survivors (2048K)
 Metaspace       used 123564K, committed 125824K, reserved 1179648K
  class space    used 16722K, committed 17856K, reserved 1048576K
}
Event: 24.960 GC heap after
{Heap after GC invocations=56 (full 0):
 garbage-first heap   total 281600K, used 176957K [0x0000000080000000, 0x0000000100000000)
  region size 1024K, 8 young (8192K), 8 survivors (8192K)
 Metaspace       used 123564K, committed 125824K, reserved 1179648K
  class space    used 16722K, committed 17856K, reserved 1048576K
}
Event: 25.648 GC heap before
{Heap before GC invocations=56 (full 0):
 garbage-first heap   total 281600K, used 235325K [0x0000000080000000, 0x0000000100000000)
  region size 1024K, 66 young (67584K), 8 survivors (8192K)
 Metaspace       used 126098K, committed 128384K, reserved 1179648K
  class space    used 17223K, committed 18368K, reserved 1048576K
}
Event: 25.686 GC heap after
{Heap after GC invocations=57 (full 0):
 garbage-first heap   total 281600K, used 200704K [0x0000000080000000, 0x0000000100000000)
  region size 1024K, 9 young (9216K), 9 survivors (9216K)
 Metaspace       used 126098K, committed 128384K, reserved 1179648K
  class space    used 17223K, committed 18368K, reserved 1048576K
}
Event: 25.823 GC heap before
{Heap before GC invocations=57 (full 0):
 garbage-first heap   total 281600K, used 241664K [0x0000000080000000, 0x0000000100000000)
  region size 1024K, 49 young (50176K), 9 survivors (9216K)
 Metaspace       used 126116K, committed 128384K, reserved 1179648K
  class space    used 17225K, committed 18368K, reserved 1048576K
}
Event: 25.850 GC heap after
{Heap after GC invocations=58 (full 0):
 garbage-first heap   total 281600K, used 222720K [0x0000000080000000, 0x0000000100000000)
  region size 1024K, 7 young (7168K), 7 survivors (7168K)
 Metaspace       used 126116K, committed 128384K, reserved 1179648K
  class space    used 17225K, committed 18368K, reserved 1048576K
}
Event: 26.060 GC heap before
{Heap before GC invocations=58 (full 0):
 garbage-first heap   total 281600K, used 249344K [0x0000000080000000, 0x0000000100000000)
  region size 1024K, 34 young (34816K), 7 survivors (7168K)
 Metaspace       used 126482K, committed 128768K, reserved 1179648K
  class space    used 17271K, committed 18432K, reserved 1048576K
}

